# JRE version: OpenJDK Runtime Environment (8.0_202-b03) (build 1.8.0_202-release-1483-b03)
# Java VM: OpenJDK 64-Bit Server VM (25.202-b03 mixed mode windows-amd64 compressed oops)
Heap:
 PSYoungGen      total 195584K, used 29299K [0x00000000e0000000, 0x00000000eff80000, 0x0000000100000000)
  eden space 181248K, 16% used [0x00000000e0000000,0x00000000e1c9ce40,0x00000000eb100000)
  from space 14336K, 0% used [0x00000000ec000000,0x00000000ec000000,0x00000000ece00000)
  to   space 15360K, 0% used [0x00000000eb100000,0x00000000eb100000,0x00000000ec000000)
 ParOldGen       total 63488K, used 21417K [0x00000000a0000000, 0x00000000a3e00000, 0x00000000e0000000)
  object space 63488K, 33% used [0x00000000a0000000,0x00000000a14ea538,0x00000000a3e00000)
 Metaspace       used 44447K, capacity 45285K, committed 46080K, reserved 1095680K
  class space    used 6012K, capacity 6221K, committed 6400K, reserved 1048576K
GC Heap History (10 events):
Event: 10.824 GC heap before
{Heap before GC invocations=10 (full 2):
 PSYoungGen      total 197120K, used 8263K [0x00000000e0000000, 0x00000000f0500000, 0x0000000100000000)
  eden space 182784K, 0% used [0x00000000e0000000,0x00000000e0000000,0x00000000eb280000)
  from space 14336K, 57% used [0x00000000ec000000,0x00000000ec811fc0,0x00000000ece00000)
  to   space 13824K, 0% used [0x00000000eb280000,0x00000000eb280000,0x00000000ec000000)
 ParOldGen       total 63488K, used 12785K [0x00000000a0000000, 0x00000000a3e00000, 0x00000000e0000000)
  object space 63488K, 20% used [0x00000000a0000000,0x00000000a0c7c478,0x00000000a3e00000)
 Metaspace       used 34540K, capacity 35326K, committed 35496K, reserved 1079296K
  class space    used 4785K, capacity 4993K, committed 5120K, reserved 1048576K
Event: 10.905 GC heap after
Heap after GC invocations=10 (full 2):
 PSYoungGen      total 197120K, used 0K [0x00000000e0000000, 0x00000000f0500000, 0x0000000100000000)
  eden space 182784K, 0% used [0x00000000e0000000,0x00000000e0000000,0x00000000eb280000)
  from space 14336K, 0% used [0x00000000ec000000,0x00000000ec000000,0x00000000ece00000)
  to   space 13824K, 0% used [0x00000000eb280000,0x00000000eb280000,0x00000000ec000000)
 ParOldGen       total 63488K, used 15537K [0x00000000a0000000, 0x00000000a3e00000, 0x00000000e0000000)
  object space 63488K, 24% used [0x00000000a0000000,0x00000000a0f2c5b0,0x00000000a3e00000)
 Metaspace       used 34540K, capacity 35326K, committed 35496K, reserved 1079296K
  class space    used 4785K, capacity 4993K, committed 5120K, reserved 1048576K
}
Event: 12.010 GC heap before
{Heap before GC invocations=11 (full 2):
 PSYoungGen      total 197120K, used 86767K [0x00000000e0000000, 0x00000000f0500000, 0x0000000100000000)
  eden space 182784K, 47% used [0x00000000e0000000,0x00000000e54bbc40,0x00000000eb280000)
  from space 14336K, 0% used [0x00000000ec000000,0x00000000ec000000,0x00000000ece00000)
  to   space 13824K, 0% used [0x00000000eb280000,0x00000000eb280000,0x00000000ec000000)
 ParOldGen       total 63488K, used 15537K [0x00000000a0000000, 0x00000000a3e00000, 0x00000000e0000000)
  object space 63488K, 24% used [0x00000000a0000000,0x00000000a0f2c5b0,0x00000000a3e00000)
 Metaspace       used 42697K, capacity 43850K, committed 44032K, reserved 1107968K
  class space    used 5818K, capacity 6109K, committed 6144K, reserved 1048576K
Event: 12.017 GC heap after
Heap after GC invocations=11 (full 2):
 PSYoungGen      total 196608K, used 11176K [0x00000000e0000000, 0x00000000f0500000, 0x0000000100000000)
  eden space 182784K, 0% used [0x00000000e0000000,0x00000000e0000000,0x00000000eb280000)
  from space 13824K, 80% used [0x00000000eb280000,0x00000000ebd6a188,0x00000000ec000000)
  to   space 14336K, 0% used [0x00000000ec000000,0x00000000ec000000,0x00000000ece00000)
 ParOldGen       total 63488K, used 15545K [0x00000000a0000000, 0x00000000a3e00000, 0x00000000e0000000)
  object space 63488K, 24% used [0x00000000a0000000,0x00000000a0f2e5b0,0x00000000a3e00000)
 Metaspace       used 42697K, capacity 43850K, committed 44032K, reserved 1107968K
  class space    used 5818K, capacity 6109K, committed 6144K, reserved 1048576K
}
Event: 12.017 GC heap before
{Heap before GC invocations=12 (full 3):
 PSYoungGen      total 196608K, used 11176K [0x00000000e0000000, 0x00000000f0500000, 0x0000000100000000)
  eden space 182784K, 0% used [0x00000000e0000000,0x00000000e0000000,0x00000000eb280000)
  from space 13824K, 80% used [0x00000000eb280000,0x00000000ebd6a188,0x00000000ec000000)
  to   space 14336K, 0% used [0x00000000ec000000,0x00000000ec000000,0x00000000ece00000)
 ParOldGen       total 63488K, used 15545K [0x00000000a0000000, 0x00000000a3e00000, 0x00000000e0000000)
  object space 63488K, 24% used [0x00000000a0000000,0x00000000a0f2e5b0,0x00000000a3e00000)
 Metaspace       used 42697K, capacity 43850K, committed 44032K, reserved 1107968K
  class space    used 5818K, capacity 6109K, committed 6144K, reserved 1048576K
Event: 12.186 GC heap after
Heap after GC invocations=12 (full 3):
 PSYoungGen      total 196608K, used 0K [0x00000000e0000000, 0x00000000f0500000, 0x0000000100000000)
  eden space 182784K, 0% used [0x00000000e0000000,0x00000000e0000000,0x00000000eb280000)
  from space 13824K, 0% used [0x00000000eb280000,0x00000000eb280000,0x00000000ec000000)
  to   space 14336K, 0% used [0x00000000ec000000,0x00000000ec000000,0x00000000ece00000)
 ParOldGen       total 63488K, used 24974K [0x00000000a0000000, 0x00000000a3e00000, 0x00000000e0000000)
  object space 63488K, 39% used [0x00000000a0000000,0x00000000a18639f8,0x00000000a3e00000)
 Metaspace       used 42677K, capacity 43784K, committed 44032K, reserved 1095680K
  class space    used 5812K, capacity 6098K, committed 6144K, reserved 1048576K
}
Event: 12.186 GC heap before
{Heap before GC invocations=13 (full 3):
 PSYoungGen      total 196608K, used 0K [0x00000000e0000000, 0x00000000f0500000, 0x0000000100000000)
  eden space 182784K, 0% used [0x00000000e0000000,0x00000000e0000000,0x00000000eb280000)
  from space 13824K, 0% used [0x00000000eb280000,0x00000000eb280000,0x00000000ec000000)
  to   space 14336K, 0% used [0x00000000ec000000,0x00000000ec000000,0x00000000ece00000)
 ParOldGen       total 63488K, used 24974K [0x00000000a0000000, 0x00000000a3e00000, 0x00000000e0000000)
  object space 63488K, 39% used [0x00000000a0000000,0x00000000a18639f8,0x00000000a3e00000)
 Metaspace       used 42677K, capacity 43784K, committed 44032K, reserved 1099776K
  class space    used 5812K, capacity 6098K, committed 6144K, reserved 1048576K
Event: 12.188 GC heap after
Heap after GC invocations=13 (full 3):
 PSYoungGen      total 195584K, used 0K [0x00000000e0000000, 0x00000000eff80000, 0x0000000100000000)
  eden space 181248K, 0% used [0x00000000e0000000,0x00000000e0000000,0x00000000eb100000)
  from space 14336K, 0% used [0x00000000ec000000,0x00000000ec000000,0x00000000ece00000)
  to   space 15360K, 0% used [0x00000000eb100000,0x00000000eb100000,0x00000000ec000000)
 ParOldGen       total 63488K, used 24974K [0x00000000a0000000, 0x00000000a3e00000, 0x00000000e0000000)
  object space 63488K, 39% used [0x00000000a0000000,0x00000000a18639f8,0x00000000a3e00000)
 Metaspace       used 42677K, capacity 43784K, committed 44032K, reserved 1099776K
  class space    used 5812K, capacity 6098K, committed 6144K, reserved 1048576K
}
Event: 12.188 GC heap before
{Heap before GC invocations=14 (full 4):
 PSYoungGen      total 195584K, used 0K [0x00000000e0000000, 0x00000000eff80000, 0x0000000100000000)
  eden space 181248K, 0% used [0x00000000e0000000,0x00000000e0000000,0x00000000eb100000)
  from space 14336K, 0% used [0x00000000ec000000,0x00000000ec000000,0x00000000ece00000)
  to   space 15360K, 0% used [0x00000000eb100000,0x00000000eb100000,0x00000000ec000000)
 ParOldGen       total 63488K, used 24974K [0x00000000a0000000, 0x00000000a3e00000, 0x00000000e0000000)
  object space 63488K, 39% used [0x00000000a0000000,0x00000000a18639f8,0x00000000a3e00000)
 Metaspace       used 42677K, capacity 43784K, committed 44032K, reserved 1099776K
  class space    used 5812K, capacity 6098K, committed 6144K, reserved 1048576K
Event: 12.337 GC heap after
Heap after GC invocations=14 (full 4):
 PSYoungGen      total 195584K, used 0K [0x00000000e0000000, 0x00000000eff80000, 0x0000000100000000)
  eden space 181248K, 0% used [0x00000000e0000000,0x00000000e0000000,0x00000000eb100000)
  from space 14336K, 0% used [0x00000000ec000000,0x00000000ec000000,0x00000000ece00000)
  to   space 15360K, 0% used [0x00000000eb100000,0x00000000eb100000,0x00000000ec000000)
 ParOldGen       total 63488K, used 21417K [0x00000000a0000000, 0x00000000a3e00000, 0x00000000e0000000)
  object space 63488K, 33% used [0x00000000a0000000,0x00000000a14ea538,0x00000000a3e00000)
 Metaspace       used 42406K, capacity 43297K, committed 44032K, reserved 1095680K
  class space    used 5754K, capacity 5991K, committed 6144K, reserved 1048576K
}

